proguard/seeds.txt
com.cavemanninja.exchangecam.CaptureActivity
com.cavemanninja.exchangecam.CaptureActivity: CaptureActivity()
com.cavemanninja.exchangecam.CaptureActivityHandler$State: com.cavemanninja.exchangecam.CaptureActivityHandler$State[] values()
com.cavemanninja.exchangecam.CaptureActivityHandler$State: com.cavemanninja.exchangecam.CaptureActivityHandler$State valueOf(java.lang.String)
com.cavemanninja.exchangecam.CurrencyTextView
com.cavemanninja.exchangecam.CurrencyTextView: CurrencyTextView(android.content.Context)
com.cavemanninja.exchangecam.CurrencyTextView: CurrencyTextView(android.content.Context,android.util.AttributeSet)
com.cavemanninja.exchangecam.CurrencyTextView: CurrencyTextView(android.content.Context,android.util.AttributeSet,int)
com.cavemanninja.exchangecam.DashboardFragment
com.cavemanninja.exchangecam.ExchangeErrorDialogFragment
com.cavemanninja.exchangecam.HelpActivity
com.cavemanninja.exchangecam.PreferencesActivity
com.cavemanninja.exchangecam.PreferencesActivity: PreferencesActivity()
com.cavemanninja.exchangecam.R$array: int capturemodes
com.cavemanninja.exchangecam.R$array: int currencycodes
com.cavemanninja.exchangecam.R$array: int currencynames
com.cavemanninja.exchangecam.R$array: int pagesegmentationmodes
com.cavemanninja.exchangecam.R$attr: int customFont
com.cavemanninja.exchangecam.R$color: int character_boxes
com.cavemanninja.exchangecam.R$color: int currency_text
com.cavemanninja.exchangecam.R$color: int dashboard_labels
com.cavemanninja.exchangecam.R$color: int help_button_view
com.cavemanninja.exchangecam.R$color: int help_view
com.cavemanninja.exchangecam.R$color: int result_minor_text
com.cavemanninja.exchangecam.R$color: int result_text
com.cavemanninja.exchangecam.R$color: int result_view
com.cavemanninja.exchangecam.R$color: int status_text
com.cavemanninja.exchangecam.R$color: int status_top_text_background
com.cavemanninja.exchangecam.R$color: int translation_text
com.cavemanninja.exchangecam.R$color: int viewfinder_corners
com.cavemanninja.exchangecam.R$color: int viewfinder_frame
com.cavemanninja.exchangecam.R$color: int viewfinder_mask
com.cavemanninja.exchangecam.R$drawable: int admob
com.cavemanninja.exchangecam.R$drawable: int border
com.cavemanninja.exchangecam.R$drawable: int bottom
com.cavemanninja.exchangecam.R$drawable: int dashboard_background
com.cavemanninja.exchangecam.R$drawable: int dashboard_rule
com.cavemanninja.exchangecam.R$drawable: int ic_launcher
com.cavemanninja.exchangecam.R$drawable: int left
com.cavemanninja.exchangecam.R$drawable: int right
com.cavemanninja.exchangecam.R$drawable: int screen
com.cavemanninja.exchangecam.R$drawable: int top
com.cavemanninja.exchangecam.R$id: int adView
com.cavemanninja.exchangecam.R$id: int border_view
com.cavemanninja.exchangecam.R$id: int camera_preview
com.cavemanninja.exchangecam.R$id: int dashboard_container
com.cavemanninja.exchangecam.R$id: int dashboard_view
com.cavemanninja.exchangecam.R$id: int decode
com.cavemanninja.exchangecam.R$id: int decode_failed
com.cavemanninja.exchangecam.R$id: int decode_succeeded
com.cavemanninja.exchangecam.R$id: int done_button
com.cavemanninja.exchangecam.R$id: int exchange_rate_edit_text
com.cavemanninja.exchangecam.R$id: int help_contents
com.cavemanninja.exchangecam.R$id: int ocr_continuous_decode
com.cavemanninja.exchangecam.R$id: int ocr_continuous_decode_failed
com.cavemanninja.exchangecam.R$id: int ocr_continuous_decode_succeeded
com.cavemanninja.exchangecam.R$id: int preview_view
com.cavemanninja.exchangecam.R$id: int query_rate_toggle_button
com.cavemanninja.exchangecam.R$id: int quit
com.cavemanninja.exchangecam.R$id: int restart_preview
com.cavemanninja.exchangecam.R$id: int source_currency_spinner
com.cavemanninja.exchangecam.R$id: int source_currency_text_view
com.cavemanninja.exchangecam.R$id: int target_currency_spinner
com.cavemanninja.exchangecam.R$id: int target_currency_text_view
com.cavemanninja.exchangecam.R$id: int viewfinder_view
...
com.googlecode.leptonica.android.AdaptiveMap
com.googlecode.leptonica.android.AdaptiveMap: int nativeBackgroundNormMorph(int,int,int,int)
com.googlecode.leptonica.android.Binarize
com.googlecode.leptonica.android.Binarize: int nativeOtsuAdaptiveThreshold(int,int,int,int,int,float)
com.googlecode.leptonica.android.Box
com.googlecode.leptonica.android.Box: int nativeCreate(int,int,int,int)
com.googlecode.leptonica.android.Box: int nativeGetX(int)
com.googlecode.leptonica.android.Box: int nativeGetY(int)
com.googlecode.leptonica.android.Box: int nativeGetWidth(int)
com.googlecode.leptonica.android.Box: int nativeGetHeight(int)
com.googlecode.leptonica.android.Box: void nativeDestroy(int)
com.googlecode.leptonica.android.Box: boolean nativeGetGeometry(int,int[])
com.googlecode.leptonica.android.Convert
com.googlecode.leptonica.android.Convert: int nativeConvertTo8(int)
com.googlecode.leptonica.android.Enhance
com.googlecode.leptonica.android.Enhance: int nativeUnsharpMasking(int,int,float)
com.googlecode.leptonica.android.JpegIO
com.googlecode.leptonica.android.JpegIO: byte[] nativeCompressToJpeg(int,int,boolean)
com.googlecode.leptonica.android.Pix
com.googlecode.leptonica.android.Pix: int nativeCreatePix(int,int,int)
com.googlecode.leptonica.android.Pix: int nativeCreateFromData(byte[],int,int,int)
com.googlecode.leptonica.android.Pix: boolean nativeGetData(int,byte[])
com.googlecode.leptonica.android.Pix: int nativeGetDataSize(int)
com.googlecode.leptonica.android.Pix: int nativeClone(int)
com.googlecode.leptonica.android.Pix: int nativeCopy(int)
com.googlecode.leptonica.android.Pix: boolean nativeInvert(int)
com.googlecode.leptonica.android.Pix: void nativeDestroy(int)
com.googlecode.leptonica.android.Pix: boolean nativeGetDimensions(int,int[])
com.googlecode.leptonica.android.Pix: int nativeGetWidth(int)
com.googlecode.leptonica.android.Pix: int nativeGetHeight(int)
com.googlecode.leptonica.android.Pix: int nativeGetDepth(int)
com.googlecode.leptonica.android.Pix: int nativeGetPixel(int,int,int)
com.googlecode.leptonica.android.Pix: void nativeSetPixel(int,int,int,int)
com.googlecode.leptonica.android.Pixa
com.googlecode.leptonica.android.Pixa: int nativeCreate(int)
com.googlecode.leptonica.android.Pixa: int nativeCopy(int)
com.googlecode.leptonica.android.Pixa: int nativeSort(int,int,int)
com.googlecode.leptonica.android.Pixa: boolean nativeJoin(int,int)
com.googlecode.leptonica.android.Pixa: int nativeGetCount(int)
com.googlecode.leptonica.android.Pixa: void nativeDestroy(int)
com.googlecode.leptonica.android.Pixa: void nativeAddPix(int,int,int)
com.googlecode.leptonica.android.Pixa: void nativeAddBox(int,int,int)
com.googlecode.leptonica.android.Pixa: void nativeAdd(int,int,int,int)
com.googlecode.leptonica.android.Pixa: boolean nativeWriteToFileRandomCmap(int,java.lang.String,int,int)
com.googlecode.leptonica.android.Pixa: void nativeReplacePix(int,int,int,int)
com.googlecode.leptonica.android.Pixa: void nativeMergeAndReplacePix(int,int,int)
com.googlecode.leptonica.android.Pixa: int nativeGetBox(int,int)
com.googlecode.leptonica.android.Pixa: int nativeGetPix(int,int)
com.googlecode.leptonica.android.Pixa: boolean nativeGetBoxGeometry(int,int,int[])
com.googlecode.leptonica.android.ReadFile
com.googlecode.leptonica.android.ReadFile: int nativeReadMem(byte[],int)
com.googlecode.leptonica.android.ReadFile: int nativeReadBytes8(byte[],int,int)
com.googlecode.leptonica.android.ReadFile: boolean nativeReplaceBytes8(int,byte[],int,int)
com.googlecode.leptonica.android.ReadFile: int nativeReadFiles(java.lang.String,java.lang.String)
com.googlecode.leptonica.android.ReadFile: int nativeReadFile(java.lang.String)
com.googlecode.leptonica.android.ReadFile: int nativeReadBitmap(android.graphics.Bitmap)
com.googlecode.leptonica.android.Rotate
com.googlecode.leptonica.android.Rotate: int nativeRotate(int,float,boolean)
com.googlecode.leptonica.android.Scale
com.googlecode.leptonica.android.Scale: int nativeScale(int,float,float)