proguard/mapping.txt
com.cavemanninja.exchangecam.BeepManager -> com.cavemanninja.exchangecam.a:
    java.lang.String TAG -> TAG
    android.app.Activity activity -> a
    android.media.MediaPlayer mediaPlayer -> b
    boolean playBeep -> c
    void updatePrefs() -> a
    android.media.MediaPlayer buildMediaPlayer(android.content.Context) -> a
com.cavemanninja.exchangecam.BeepManager$1 -> com.cavemanninja.exchangecam.b:
    void onCompletion(android.media.MediaPlayer) -> onCompletion
com.cavemanninja.exchangecam.CaptureActivity -> com.cavemanninja.exchangecam.CaptureActivity:
    java.lang.String TAG -> TAG
    java.lang.Boolean DEFAULT_AUTO_EXCHANGE_RATE_PREFERENCE -> d
    com.cavemanninja.exchangecam.camera.CameraManager cameraManager -> e
    com.cavemanninja.exchangecam.CaptureActivityHandler handler -> f
    com.cavemanninja.exchangecam.ViewfinderView viewfinderView -> g
    android.view.SurfaceView surfaceView -> h
    android.view.SurfaceHolder surfaceHolder -> i
    android.view.View dashboardContainer -> j
    com.google.ads.AdView adView -> k
    com.cavemanninja.exchangecam.OcrResult lastResult -> l
    java.lang.String currentPrice -> m
    boolean hasSurface -> n
    com.cavemanninja.exchangecam.BeepManager beepManager -> o
    com.googlecode.tesseract.android.TessBaseAPI baseApi -> p
    java.lang.String sourceLanguageCodeOcr -> q
    java.lang.String sourceLanguageReadable -> r
    int pageSegmentationMode -> s
    int ocrEngineMode -> t
    java.lang.String characterBlacklist -> u
    java.lang.String characterWhitelist -> v
    boolean isContinuousModeActive -> w
    android.content.SharedPreferences prefs -> x
    android.app.ProgressDialog dialog -> y
    android.app.ProgressDialog indeterminateDialog -> z
    boolean isEngineReady -> A
    boolean isPaused -> B
    boolean isFirstLaunch -> C
    java.lang.String sourceCurrencyCode -> D
    java.lang.String targetCurrencyCode -> E
    java.lang.String conversionRate -> F
com.cavemanninja.exchangecam.CaptureActivity$1 -> com.cavemanninja.exchangecam.c:
    com.cavemanninja.exchangecam.CaptureActivity this$0 -> J
    void onSharedPreferenceChanged(android.content.SharedPreferences,java.lang.String) -> onSharedPreferenceChanged
com.cavemanninja.exchangecam.CaptureActivity$2 -> com.cavemanninja.exchangecam.d:
    int lastX -> K
    int lastY -> L
    com.cavemanninja.exchangecam.CaptureActivity this$0 -> J
    boolean onTouch(android.view.View,android.view.MotionEvent) -> onTouch
com.cavemanninja.exchangecam.CaptureActivityHandler -> com.cavemanninja.exchangecam.e:
    java.lang.String TAG -> TAG
    com.cavemanninja.exchangecam.CaptureActivity activity -> M
    com.cavemanninja.exchangecam.DecodeThread decodeThread -> N
    com.cavemanninja.exchangecam.CaptureActivityHandler$State state -> O
    com.cavemanninja.exchangecam.camera.CameraManager cameraManager -> e
    void handleMessage(android.os.Message) -> handleMessage
    void stop() -> stop
    void resetState() -> p
    void quitSynchronously() -> q
    void restartOcrPreview() -> r
    void restartOcrPreviewAndDecode() -> s
com.cavemanninja.exchangecam.CaptureActivityHandler$State -> com.cavemanninja.exchangecam.f:
    com.cavemanninja.exchangecam.CaptureActivityHandler$State PREVIEW -> P
    com.cavemanninja.exchangecam.CaptureActivityHandler$State PREVIEW_PAUSED -> Q
    com.cavemanninja.exchangecam.CaptureActivityHandler$State CONTINUOUS -> R
    com.cavemanninja.exchangecam.CaptureActivityHandler$State CONTINUOUS_PAUSED -> S
    com.cavemanninja.exchangecam.CaptureActivityHandler$State SUCCESS -> T
    com.cavemanninja.exchangecam.CaptureActivityHandler$State DONE -> U
    com.cavemanninja.exchangecam.CaptureActivityHandler$State[] ENUM$VALUES -> V
    com.cavemanninja.exchangecam.CaptureActivityHandler$State[] values() -> values
    com.cavemanninja.exchangecam.CaptureActivityHandler$State valueOf(java.lang.String) -> valueOf
...
com.google.ads.util.h$a -> com.google.ads.util.y:
    void onShowCustomView(android.view.View,int,android.webkit.WebChromeClient$CustomViewCallback) -> onShowCustomView
com.google.ads.util.i -> com.google.ads.util.z:
    java.lang.Object a -> eM
    int b -> cC
    java.util.HashMap c -> gY
    int o -> gZ
    java.util.ArrayList d -> ha
    void finalize() -> finalize
    java.lang.String toString() -> toString
    void a(com.google.ads.util.i,com.google.ads.util.i$a) -> a
com.google.ads.util.i$a -> com.google.ads.util.aa:
    java.lang.Object a -> eM
    java.lang.String b -> cI
    com.google.ads.util.i c -> hb
    java.lang.String toString() -> toString
com.google.ads.util.i$b -> com.google.ads.util.ab:
    com.google.ads.util.i d -> hc
    java.lang.Object a() -> I
    java.lang.String toString() -> toString
com.google.ads.util.i$c -> com.google.ads.util.ac:
    boolean e -> cF
    com.google.ads.util.i d -> hc
    java.lang.Object a() -> I
    void a(java.lang.Object) -> b
    java.lang.String toString() -> toString
com.google.ads.util.i$d -> com.google.ads.util.ad:
    com.google.ads.util.i d -> hc
    java.lang.Object a() -> I
    java.lang.String toString() -> toString
com.google.ads.v -> com.google.ads.ba:
    void a(com.google.ads.internal.d,java.util.HashMap,android.webkit.WebView) -> a
com.google.ads.w -> com.google.ads.bb:
    void a(com.google.ads.internal.d,java.util.HashMap,android.webkit.WebView) -> a
com.google.ads.x -> com.google.ads.bc:
    void a(com.google.ads.internal.d,java.util.HashMap,android.webkit.WebView) -> a
    void a(java.util.HashMap,java.lang.String,com.google.ads.util.i$c) -> a
    void b(java.util.HashMap,java.lang.String,com.google.ads.util.i$c) -> b
    void c(java.util.HashMap,java.lang.String,com.google.ads.util.i$c) -> c
com.google.ads.y -> com.google.ads.bd:
    void a(com.google.ads.internal.d,java.util.HashMap,android.webkit.WebView) -> a
com.google.ads.z -> com.google.ads.be:
    com.google.ads.AdActivity$StaticMethodWrapper a -> hd
    void a(com.google.ads.internal.d,java.util.HashMap,android.webkit.WebView) -> a
com.googlecode.leptonica.android.Pix -> com.googlecode.leptonica.android.Pix:
    int mNativePix -> he
    boolean mRecycled -> hf
    int getNativePix() -> bJ
    void finalize() -> finalize
    int nativeClone(int) -> nativeClone
    void nativeDestroy(int) -> nativeDestroy
    java.lang.Object clone() -> clone
com.googlecode.leptonica.android.Pixa -> com.googlecode.leptonica.android.Pixa:
    int mNativePixa -> hg
    int mWidth -> hh
    int mHeight -> hi
    boolean mRecycled -> hf
    int size() -> size
    void recycle() -> recycle
    void finalize() -> finalize
    com.googlecode.leptonica.android.Pix getPix(int) -> c
    java.util.ArrayList getBoxRects() -> bK
    java.util.Iterator iterator() -> iterator
    int nativeGetCount(int) -> nativeGetCount
    void nativeDestroy(int) -> nativeDestroy
    int nativeGetPix(int,int) -> nativeGetPix
    boolean nativeGetBoxGeometry(int,int,int[]) -> nativeGetBoxGeometry
com.googlecode.leptonica.android.Pixa$PixIterator -> com.googlecode.leptonica.android.a:
    int mIndex -> hj
    com.googlecode.leptonica.android.Pixa this$0 -> hk
    boolean hasNext() -> hasNext
    void remove() -> remove
    java.lang.Object next() -> next
com.googlecode.leptonica.android.ReadFile -> com.googlecode.leptonica.android.ReadFile:
    com.googlecode.leptonica.android.Pix readBitmap(android.graphics.Bitmap) -> a
    int nativeReadBitmap(android.graphics.Bitmap) -> nativeReadBitmap