proguard/usage.txt
com.cavemanninja.exchangecam.BeepManager:
    private static final float BEEP_VOLUME
    50:53:public void playBeepSoundAndVibrate()
com.cavemanninja.exchangecam.BuildConfig
com.cavemanninja.exchangecam.CaptureActivity:
    static final int UPPER_WORD_CONFIDENCE_THRESHOLD
    static final int LOWER_WORD_CONFIDENCE_THRESHOLD
    static final long EXCHANGE_RATE_TIMESTAMP
    static final long EXCHANGE_RATE_REFRESH_MINS
    public static final java.lang.String DEFAULT_SOURCE_CURRENCY
    public static final java.lang.String DEFAULT_TARGET_CURRENCY
    public static final java.lang.String DEFAULT_EXCHANGE_RATE
    public static final java.lang.String DEFAULT_OCR_ENGINE_MODE
    public static final java.lang.String DEFAULT_PAGE_SEGMENTATION_MODE
    public static final boolean DEFAULT_TOGGLE_AUTO_FOCUS
    public static final boolean DEFAULT_TOGGLE_BEEP
    public static final boolean DEFAULT_TOGGLE_CONTINUOUS
    public static final boolean DEFAULT_TOGGLE_REVERSED_IMAGE
    public static final java.lang.String DEFAULT_LANGUAGE_CODE
    private static final boolean CONTINUOUS_DISPLAY_RECOGNIZED_TEXT
    private static final boolean CONTINUOUS_DISPLAY_METADATA
    static final java.lang.String DOWNLOAD_BASE
    static final java.lang.String OSD_FILENAME
    static final java.lang.String OSD_FILENAME_BASE
    static final int MINIMUM_MEAN_CONFIDENCE
    private static final int SETTINGS_ID
    private static final int ABOUT_ID
    421:429:void resumeContinuousDecoding()
    879:879:static boolean getFirstLaunch()
    962:972:void displayProgressDialog()
    975:975:android.app.ProgressDialog getProgressDialog()
com.cavemanninja.exchangecam.HelpActivity:
    public static final java.lang.String REQUESTED_PAGE_KEY
    public static final java.lang.String DEFAULT_PAGE
    public static final java.lang.String ABOUT_PAGE
    public static final java.lang.String TERMS_PAGE
    public static final java.lang.String WHATS_NEW_PAGE
    private static final java.lang.String BASE_URL
    private static final java.lang.String WEBVIEW_STATE_PRESENT
com.cavemanninja.exchangecam.LuminanceSource:
    public abstract byte[] getRow(int,byte[])
    public abstract byte[] getMatrix()
    82:82:public boolean isCropSupported()
    96:96:public com.cavemanninja.exchangecam.LuminanceSource crop(int,int,int,int)
    103:103:public boolean isRotateSupported()
    112:112:public com.cavemanninja.exchangecam.LuminanceSource rotateCounterClockwise()
com.cavemanninja.exchangecam.OcrCharacterHelper:
    public static final java.lang.String KEY_CHARACTER_BLACKLIST_ARABIC
    public static final java.lang.String KEY_CHARACTER_BLACKLIST_BULGARIAN
    public static final java.lang.String KEY_CHARACTER_BLACKLIST_CATALAN
    public static final java.lang.String KEY_CHARACTER_BLACKLIST_CHINESE_SIMPLIFIED
    public static final java.lang.String KEY_CHARACTER_BLACKLIST_CHINESE_TRADITIONAL
    public static final java.lang.String KEY_CHARACTER_BLACKLIST_CZECH
    public static final java.lang.String KEY_CHARACTER_BLACKLIST_DANISH
    public static final java.lang.String KEY_CHARACTER_BLACKLIST_DUTCH
    public static final java.lang.String KEY_CHARACTER_BLACKLIST_ENGLISH
    public static final java.lang.String KEY_CHARACTER_BLACKLIST_FINNISH
    public static final java.lang.String KEY_CHARACTER_BLACKLIST_FRENCH
    public static final java.lang.String KEY_CHARACTER_BLACKLIST_GERMAN
    public static final java.lang.String KEY_CHARACTER_BLACKLIST_GREEK
    public static final java.lang.String KEY_CHARACTER_BLACKLIST_HEBREW
    public static final java.lang.String KEY_CHARACTER_BLACKLIST_HINDI
    public static final java.lang.String KEY_CHARACTER_BLACKLIST_HUNGARIAN
    public static final java.lang.String KEY_CHARACTER_BLACKLIST_INDONESIAN
    public static final java.lang.String KEY_CHARACTER_BLACKLIST_ITALIAN
    public static final java.lang.String KEY_CHARACTER_BLACKLIST_JAPANESE
com.cavemanninja.exchangecam.OcrRecognizeAsyncTask
...
com.google.ads.f:
    79:79:public java.util.List e()
com.google.ads.h:
    123:123:public com.google.ads.f a()
    219:245:public synchronized void g()
    273:273:synchronized com.google.ads.mediation.MediationAdapter i()
    280:280:com.google.ads.e j()
    284:285:synchronized void a(android.view.View)
com.google.ads.h$2
com.google.ads.internal.d:
    544:544:public synchronized boolean r()
    722:725:public synchronized void a(com.google.ads.f,boolean)
    865:882:private void b(com.google.ads.f,java.lang.Boolean)
    1078:1105:public synchronized void z()
com.google.ads.j:
    private boolean b
    34:66:public void onReceivedAd(com.google.ads.mediation.MediationBannerAdapter)
    72:87:public void onFailedToReceiveAd(com.google.ads.mediation.MediationBannerAdapter,com.google.ads.AdRequest$ErrorCode)
    92:95:public void onPresentScreen(com.google.ads.mediation.MediationBannerAdapter)
    99:102:public void onDismissScreen(com.google.ads.mediation.MediationBannerAdapter)
    106:109:public void onLeaveApplication(com.google.ads.mediation.MediationBannerAdapter)
    113:117:public void onClick(com.google.ads.mediation.MediationBannerAdapter)
com.google.ads.k:
    29:40:public void onReceivedAd(com.google.ads.mediation.MediationInterstitialAdapter)
    45:61:public void onFailedToReceiveAd(com.google.ads.mediation.MediationInterstitialAdapter,com.google.ads.AdRequest$ErrorCode)
    66:69:public void onPresentScreen(com.google.ads.mediation.MediationInterstitialAdapter)
    74:77:public void onDismissScreen(com.google.ads.mediation.MediationInterstitialAdapter)
    81:84:public void onLeaveApplication(com.google.ads.mediation.MediationInterstitialAdapter)
com.google.ads.mediation.EmptyNetworkExtras
com.google.ads.mediation.MediationAdRequest:
    50:50:public com.google.ads.AdRequest$Gender getGender()
    57:57:public java.util.Date getBirthday()
    67:81:public java.lang.Integer getAgeInYears()
    88:92:public java.util.Set getKeywords()
    100:104:public android.location.Location getLocation()
    114:114:public boolean isTesting()
com.google.ads.mediation.MediationBannerAdapter:
    public abstract android.view.View getBannerView()
com.google.ads.mediation.MediationBannerListener:
    public abstract void onReceivedAd(com.google.ads.mediation.MediationBannerAdapter)
    public abstract void onFailedToReceiveAd(com.google.ads.mediation.MediationBannerAdapter,com.google.ads.AdRequest$ErrorCode)
    public abstract void onPresentScreen(com.google.ads.mediation.MediationBannerAdapter)
    public abstract void onDismissScreen(com.google.ads.mediation.MediationBannerAdapter)
    public abstract void onLeaveApplication(com.google.ads.mediation.MediationBannerAdapter)
    public abstract void onClick(com.google.ads.mediation.MediationBannerAdapter)
com.google.ads.mediation.MediationInterstitialAdapter:
    public abstract void showInterstitial()
com.google.ads.mediation.MediationInterstitialListener:
    public abstract void onReceivedAd(com.google.ads.mediation.MediationInterstitialAdapter)
    public abstract void onFailedToReceiveAd(com.google.ads.mediation.MediationInterstitialAdapter,com.google.ads.AdRequest$ErrorCode)
    public abstract void onPresentScreen(com.google.ads.mediation.MediationInterstitialAdapter)
    public abstract void onDismissScreen(com.google.ads.mediation.MediationInterstitialAdapter)
    public abstract void onLeaveApplication(com.google.ads.mediation.MediationInterstitialAdapter)
com.google.ads.mediation.admob.AdMobAdapter
com.google.ads.mediation.admob.AdMobAdapter$1
com.google.ads.mediation.admob.AdMobAdapter$a
com.google.ads.mediation.admob.AdMobAdapter$b